<?xml version="1.0" encoding="UTF-8"?>
<testng-results skipped="0" failed="1" ignored="0" total="1" passed="0">
  <reporter-output>
  </reporter-output>
  <suite name="Default suite" duration-ms="109123" started-at="2022-05-15T03:38:13Z" finished-at="2022-05-15T03:40:02Z">
    <groups>
    </groups>
    <test name="Default test" duration-ms="109123" started-at="2022-05-15T03:38:13Z" finished-at="2022-05-15T03:40:02Z">
      <class name="com.testvagrant.accuWeather.TestAcccuweather">
        <test-method status="PASS" signature="beforetest()[pri:0, instance:com.testvagrant.accuWeather.TestAcccuweather@19932c16]" name="beforetest" is-config="true" duration-ms="61117" started-at="2022-05-15T03:38:13Z" finished-at="2022-05-15T03:39:14Z">
          <reporter-output>
          </reporter-output>
        </test-method> <!-- beforetest -->
        <test-method status="FAIL" signature="testAccuWeather()[pri:0, instance:com.testvagrant.accuWeather.TestAcccuweather@19932c16]" name="testAccuWeather" duration-ms="45707" started-at="2022-05-15T03:39:14Z" finished-at="2022-05-15T03:40:00Z">
          <exception class="java.lang.AssertionError">
            <message>
              <![CDATA[null]]>
            </message>
            <full-stacktrace>
              <![CDATA[java.lang.AssertionError: null
at org.testng.Assert.fail(Assert.java:96)
at org.testng.Assert.fail(Assert.java:103)
at org.testng.asserts.Assertion$7.doAssert(Assertion.java:166)
at org.testng.asserts.Assertion.executeAssert(Assertion.java:30)
at org.testng.asserts.Assertion.doAssert(Assertion.java:15)
at org.testng.asserts.Assertion.fail(Assertion.java:163)
at com.testvagrant.accuWeather.AccuWeather.compareTempWithOpenWeather(AccuWeather.java:49)
at com.testvagrant.accuWeather.TestAcccuweather.testAccuWeather(TestAcccuweather.java:34)
at sun.reflect.NativeMethodAccessorImpl.invoke0(Native Method)
at sun.reflect.NativeMethodAccessorImpl.invoke(Unknown Source)
at sun.reflect.DelegatingMethodAccessorImpl.invoke(Unknown Source)
at java.lang.reflect.Method.invoke(Unknown Source)
at org.testng.internal.MethodInvocationHelper.invokeMethod(MethodInvocationHelper.java:124)
at org.testng.internal.Invoker.invokeMethod(Invoker.java:583)
at org.testng.internal.Invoker.invokeTestMethod(Invoker.java:719)
at org.testng.internal.Invoker.invokeTestMethods(Invoker.java:989)
at org.testng.internal.TestMethodWorker.invokeTestMethods(TestMethodWorker.java:125)
at org.testng.internal.TestMethodWorker.run(TestMethodWorker.java:109)
at org.testng.TestRunner.privateRun(TestRunner.java:648)
at org.testng.TestRunner.run(TestRunner.java:505)
at org.testng.SuiteRunner.runTest(SuiteRunner.java:455)
at org.testng.SuiteRunner.runSequentially(SuiteRunner.java:450)
at org.testng.SuiteRunner.privateRun(SuiteRunner.java:415)
at org.testng.SuiteRunner.run(SuiteRunner.java:364)
at org.testng.SuiteRunnerWorker.runSuite(SuiteRunnerWorker.java:52)
at org.testng.SuiteRunnerWorker.run(SuiteRunnerWorker.java:84)
at org.testng.TestNG.runSuitesSequentially(TestNG.java:1208)
at org.testng.TestNG.runSuitesLocally(TestNG.java:1137)
at org.testng.TestNG.runSuites(TestNG.java:1049)
at org.testng.TestNG.run(TestNG.java:1017)
at org.testng.remote.AbstractRemoteTestNG.run(AbstractRemoteTestNG.java:114)
at org.testng.remote.RemoteTestNG.initAndRun(RemoteTestNG.java:251)
at org.testng.remote.RemoteTestNG.main(RemoteTestNG.java:77)
]]>
            </full-stacktrace>
          </exception> <!-- java.lang.AssertionError -->
          <reporter-output>
          </reporter-output>
        </test-method> <!-- testAccuWeather -->
        <test-method status="PASS" signature="afterMethod()[pri:0, instance:com.testvagrant.accuWeather.TestAcccuweather@19932c16]" name="afterMethod" is-config="true" duration-ms="263" started-at="2022-05-15T03:40:00Z" finished-at="2022-05-15T03:40:01Z">
          <reporter-output>
          </reporter-output>
        </test-method> <!-- afterMethod -->
        <test-method status="PASS" signature="afterTest()[pri:0, instance:com.testvagrant.accuWeather.TestAcccuweather@19932c16]" name="afterTest" is-config="true" duration-ms="1539" started-at="2022-05-15T03:40:01Z" finished-at="2022-05-15T03:40:02Z">
          <reporter-output>
          </reporter-output>
        </test-method> <!-- afterTest -->
      </class> <!-- com.testvagrant.accuWeather.TestAcccuweather -->
    </test> <!-- Default test -->
  </suite> <!-- Default suite -->
</testng-results>
